<?xml version="1.0" encoding="UTF-8"?>
<testng-results ignored="0" total="2" passed="2" failed="0" skipped="0">
  <reporter-output>
  </reporter-output>
  <suite started-at="2025-10-28T18:41:15 IST" name="Default suite" finished-at="2025-10-28T18:41:46 IST" duration-ms="31352">
    <groups>
      <group name="cucumber">
        <method signature="AbstractTestNGCucumberTests.runScenario(io.cucumber.testng.PickleWrapper,io.cucumber.testng.FeatureWrapper)[pri:0, instance:org.runners.TestRunner@10aa41f2]" name="runScenario" class="io.cucumber.testng.AbstractTestNGCucumberTests"/>
      </group> <!-- cucumber -->
    </groups>
    <test started-at="2025-10-28T18:41:15 IST" name="Default test" finished-at="2025-10-28T18:41:46 IST" duration-ms="31352">
      <class name="org.runners.TestRunner">
        <test-method is-config="true" signature="setUpClass(org.testng.ITestContext)[pri:0, instance:org.runners.TestRunner@10aa41f2]" started-at="2025-10-28T18:41:15 IST" name="setUpClass" finished-at="2025-10-28T18:41:16 IST" duration-ms="954" status="PASS">
          <params>
            <param index="0">
              <value>
                <![CDATA[org.testng.TestRunner@6f7241c2]]>
              </value>
            </param>
          </params>
          <reporter-output>
          </reporter-output>
        </test-method> <!-- setUpClass -->
        <test-method signature="runScenario(io.cucumber.testng.PickleWrapper,io.cucumber.testng.FeatureWrapper)[pri:0, instance:org.runners.TestRunner@10aa41f2]" started-at="2025-10-28T18:41:16 IST" name="runScenario" description="Runs Cucumber Scenarios" data-provider="scenarios" finished-at="2025-10-28T18:41:25 IST" duration-ms="9154" status="PASS">
          <params>
            <param index="0">
              <value>
                <![CDATA["register a new user"]]>
              </value>
            </param>
            <param index="1">
              <value>
                <![CDATA["Register a user in demo automation testing website"]]>
              </value>
            </param>
          </params>
          <reporter-output>
          </reporter-output>
        </test-method> <!-- runScenario -->
        <test-method signature="runScenario(io.cucumber.testng.PickleWrapper,io.cucumber.testng.FeatureWrapper)[pri:0, instance:org.runners.TestRunner@10aa41f2]" started-at="2025-10-28T18:41:25 IST" name="runScenario" description="Runs Cucumber Scenarios" data-provider="scenarios" finished-at="2025-10-28T18:41:41 IST" duration-ms="15763" status="PASS">
          <params>
            <param index="0">
              <value>
                <![CDATA["Get menus and submenus of maveric website"]]>
              </value>
            </param>
            <param index="1">
              <value>
                <![CDATA["Get the menus and submenus from maveric site"]]>
              </value>
            </param>
          </params>
          <reporter-output>
          </reporter-output>
        </test-method> <!-- runScenario -->
        <test-method is-config="true" signature="tearDownClass()[pri:0, instance:org.runners.TestRunner@10aa41f2]" started-at="2025-10-28T18:41:41 IST" name="tearDownClass" finished-at="2025-10-28T18:41:46 IST" duration-ms="5408" status="PASS">
          <reporter-output>
          </reporter-output>
        </test-method> <!-- tearDownClass -->
      </class> <!-- org.runners.TestRunner -->
    </test> <!-- Default test -->
  </suite> <!-- Default suite -->
</testng-results>
